c:\users\shinp\source\repos\shinp2\pair-app\osero\x64\debug\vc143.pdb
c:\users\shinp\source\repos\shinp2\pair-app\osero\x64\debug\vc143.idb
c:\users\shinp\source\repos\shinp2\pair-app\osero\x64\debug\uiout.obj
c:\users\shinp\source\repos\shinp2\pair-app\osero\x64\debug\player.obj
c:\users\shinp\source\repos\shinp2\pair-app\osero\x64\debug\oserogame.obj
c:\users\shinp\source\repos\shinp2\pair-app\osero\x64\debug\jsonio.obj
c:\users\shinp\source\repos\shinp2\pair-app\osero\x64\debug\human.obj
c:\users\shinp\source\repos\shinp2\pair-app\osero\x64\debug\board.obj
c:\users\shinp\source\repos\shinp2\pair-app\osero\x64\debug\main.obj
c:\users\shinp\source\repos\shinp2\pair-app\osero\x64\debug\ai.obj
c:\users\shinp\source\repos\shinp2\pair-app\x64\debug\osero.exe
c:\users\shinp\source\repos\shinp2\pair-app\x64\debug\osero.pdb
c:\users\shinp\source\repos\shinp2\pair-app\osero\x64\debug\osero.ilk
c:\users\shinp\source\repos\shinp2\pair-app\osero\x64\debug\osero.tlog\cl.command.1.tlog
c:\users\shinp\source\repos\shinp2\pair-app\osero\x64\debug\osero.tlog\cl.items.tlog
c:\users\shinp\source\repos\shinp2\pair-app\osero\x64\debug\osero.tlog\cl.read.1.tlog
c:\users\shinp\source\repos\shinp2\pair-app\osero\x64\debug\osero.tlog\cl.write.1.tlog
c:\users\shinp\source\repos\shinp2\pair-app\osero\x64\debug\osero.tlog\link.command.1.tlog
c:\users\shinp\source\repos\shinp2\pair-app\osero\x64\debug\osero.tlog\link.read.1.tlog
c:\users\shinp\source\repos\shinp2\pair-app\osero\x64\debug\osero.tlog\link.secondary.1.tlog
c:\users\shinp\source\repos\shinp2\pair-app\osero\x64\debug\osero.tlog\link.write.1.tlog
